ryu-env) mohaned@mohaned:~$ pip install ryu
Collecting ryu
  Using cached ryu-4.34.tar.gz (1.1 MB)
  Installing build dependencies ... done
  Getting requirements to build wheel ... error
  error: subprocess-exited-with-error
  
  × Getting requirements to build wheel did not run successfully.
  │ exit code: 1
  ╰─> [19 lines of output]
      Traceback (most recent call last):
        File "/home/mohaned/ryu-env/lib/python3.8/site-packages/pip/_vendor/pyproject_hooks/_in_process/_in_process.py", line 389, in <module>
          main()
        File "/home/mohaned/ryu-env/lib/python3.8/site-packages/pip/_vendor/pyproject_hooks/_in_process/_in_process.py", line 373, in main
          json_out["return_val"] = hook(**hook_input["kwargs"])
        File "/home/mohaned/ryu-env/lib/python3.8/site-packages/pip/_vendor/pyproject_hooks/_in_process/_in_process.py", line 143, in get_requires_for_build_wheel
          return hook(config_settings)
        File "/tmp/pip-build-env-ylxg3ofw/overlay/lib/python3.8/site-packages/setuptools/build_meta.py", line 333, in get_requires_for_build_wheel
          return self._get_build_requires(config_settings, requirements=[])
        File "/tmp/pip-build-env-ylxg3ofw/overlay/lib/python3.8/site-packages/setuptools/build_meta.py", line 303, in _get_build_requires
          self.run_setup()
        File "/tmp/pip-build-env-ylxg3ofw/overlay/lib/python3.8/site-packages/setuptools/build_meta.py", line 521, in run_setup
          super().run_setup(setup_script=setup_script)
        File "/tmp/pip-build-env-ylxg3ofw/overlay/lib/python3.8/site-packages/setuptools/build_meta.py", line 319, in run_setup
          exec(code, locals())
        File "<string>", line 27, in <module>
        File "/tmp/pip-install-si4jst_b/ryu_afb80955131243b2bdaf685c041f4930/ryu/hooks.py", line 36, in save_orig
          _main_module()._orig_get_script_args = easy_install.get_script_args
      AttributeError: module 'setuptools.command.easy_install' has no attribute 'get_script_args'
      [end of output]
  
  note: This error originates from a subprocess, and is likely not a problem with pip.

[notice] A new release of pip is available: 25.0.1 -> 25.3
[notice] To update, run: pip install --upgrade pip
error: subprocess-exited-with-error

× Getting requirements to build wheel did not run successfully.
│ exit code: 1
╰─> See above for output.

note: This error originates from a subprocess, and is likely not a problem with pip.
(ryu-env) mohaned@mohaned:~$ pip uninstall -y setuptools pip
Found existing installation: setuptools 56.0.0
Uninstalling setuptools-56.0.0:
  Successfully uninstalled setuptools-56.0.0
Found existing installation: pip 25.0.1
Uninstalling pip-25.0.1:
  Successfully uninstalled pip-25.0.1
(ryu-env) mohaned@mohaned:~$ pip install pip==22.3.1
bash: /home/mohaned/ryu-env/bin/pip: No such file or directory
(ryu-env) mohaned@mohaned:~$ pip install setuptools==59.6.0
bash: /home/mohaned/ryu-env/bin/pip: No such file or directory
(ryu-env) mohaned@mohaned:~$ pip install wheel
bash: /home/mohaned/ryu-env/bin/pip: No such file or directory
(ryu-env) mohaned@mohaned:~$ pip install ryu
bash: /home/mohaned/ryu-env/bin/pip: No such file or directory
(ryu-env) mohaned@mohaned:~$ ryu-manager --version
Traceback (most recent call last):
  File "/home/mohaned/ryu-env/bin/ryu-manager", line 5, in <module>
    from ryu.cmd.manager import main
  File "/home/mohaned/ryu-env/lib/python3.10/site-packages/ryu/cmd/manager.py", line 22, in <module>
    from ryu.lib import hub
  File "/home/mohaned/ryu-env/lib/python3.10/site-packages/ryu/lib/hub.py", line 30, in <module>
    import eventlet
  File "/home/mohaned/ryu-env/lib/python3.10/site-packages/eventlet/__init__.py", line 17, in <module>
    from eventlet import convenience
  File "/home/mohaned/ryu-env/lib/python3.10/site-packages/eventlet/convenience.py", line 7, in <module>
    from eventlet.green import socket
  File "/home/mohaned/ryu-env/lib/python3.10/site-packages/eventlet/green/socket.py", line 4, in <module>
    __import__('eventlet.green._socket_nodns')
  File "/home/mohaned/ryu-env/lib/python3.10/site-packages/eventlet/green/_socket_nodns.py", line 11, in <module>
    from eventlet import greenio
  File "/home/mohaned/ryu-env/lib/python3.10/site-packages/eventlet/greenio/__init__.py", line 3, in <module>
    from eventlet.greenio.base import *  # noqa
  File "/home/mohaned/ryu-env/lib/python3.10/site-packages/eventlet/greenio/base.py", line 32, in <module>
    socket_timeout = eventlet.timeout.wrap_is_timeout(socket.timeout)
  File "/home/mohaned/ryu-env/lib/python3.10/site-packages/eventlet/timeout.py", line 166, in wrap_is_timeout
    base.is_timeout = property(lambda _: True)
TypeError: cannot set 'is_timeout' attribute of immutable type 'TimeoutError'
(ryu-env) mohaned@mohaned:~$ 
